"D:/Unreal Project/DriveToSurvive/Content/Source/DRS/BP_DRSPlace.uasset" 0
"D:/Unreal Project/DriveToSurvive/Content/Source/DRS/BP_DRSPlace.uexp" 1
"D:/Unreal Project/DriveToSurvive/Content/Source/DRS/BP_DRSTest.uasset" 2
"D:/Unreal Project/DriveToSurvive/Content/Source/DRS/BP_DRSTest.uexp" 3
"../../../Engine/Content/Functions/Engine_MaterialFunctions01/Opacity/CameraDepthFade.uasset" 4
"../../../Engine/Content/Functions/Engine_MaterialFunctions01/Opacity/CameraDepthFade.uexp" 5
"../../../Engine/Content/EngineMaterials/T_Default_Material_Grid_N.uasset" 6
"../../../Engine/Content/EngineMaterials/T_Default_Material_Grid_N.uexp" 7
"../../../Engine/Content/EngineMaterials/T_Default_Material_Grid_N.ubulk" 8
"../../../Engine/Content/EngineMaterials/T_Default_Material_Grid_M.uasset" 9
"../../../Engine/Content/EngineMaterials/T_Default_Material_Grid_M.uexp" 10
"../../../Engine/Content/EngineMaterials/T_Default_Material_Grid_M.ubulk" 11
"../../../Engine/Content/EngineMaterials/WorldGridMaterial.uasset" 12
"../../../Engine/Content/EngineMaterials/WorldGridMaterial.uexp" 13
"D:/Unreal Project/DriveToSurvive/Content/Source/GameSpace/Road.uasset" 14
"D:/Unreal Project/DriveToSurvive/Content/Source/GameSpace/Road.uexp" 15
"D:/Unreal Project/DriveToSurvive/Content/Source/Player/Base.uasset" 16
"D:/Unreal Project/DriveToSurvive/Content/Source/Player/Base.uexp" 17
"D:/Unreal Project/DriveToSurvive/Content/Source/Player/BP_BoxStation.uasset" 18
"D:/Unreal Project/DriveToSurvive/Content/Source/Player/BP_BoxStation.uexp" 19
"D:/Unreal Project/DriveToSurvive/Content/Source/Player/Model/mclaren/Car_PhysicsAsset.uasset" 20
"D:/Unreal Project/DriveToSurvive/Content/Source/Player/Model/mclaren/Car_PhysicsAsset.uexp" 21
"D:/Unreal Project/DriveToSurvive/Content/Source/Player/Model/mclaren/tyre.uasset" 22
"D:/Unreal Project/DriveToSurvive/Content/Source/Player/Model/mclaren/tyre.uexp" 23
"D:/Unreal Project/DriveToSurvive/Content/Source/Player/Model/mclaren/tread.uasset" 24
"D:/Unreal Project/DriveToSurvive/Content/Source/Player/Model/mclaren/tread.uexp" 25
"D:/Unreal Project/DriveToSurvive/Content/Source/Player/Model/mclaren/text01.uasset" 26
"D:/Unreal Project/DriveToSurvive/Content/Source/Player/Model/mclaren/text01.uexp" 27
"D:/Unreal Project/DriveToSurvive/Content/Source/Player/Model/mclaren/text.uasset" 28
"D:/Unreal Project/DriveToSurvive/Content/Source/Player/Model/mclaren/text.uexp" 29
"D:/Unreal Project/DriveToSurvive/Content/Source/Player/Model/mclaren/stitches.uasset" 30
"D:/Unreal Project/DriveToSurvive/Content/Source/Player/Model/mclaren/stitches.uexp" 31
"D:/Unreal Project/DriveToSurvive/Content/Source/Player/Model/mclaren/speed.uasset" 32
"D:/Unreal Project/DriveToSurvive/Content/Source/Player/Model/mclaren/speed.uexp" 33
"D:/Unreal Project/DriveToSurvive/Content/Source/Player/Model/mclaren/seat.uasset" 34
"D:/Unreal Project/DriveToSurvive/Content/Source/Player/Model/mclaren/seat.uexp" 35
"D:/Unreal Project/DriveToSurvive/Content/Source/Player/Model/mclaren/rim_logo.uasset" 36
"D:/Unreal Project/DriveToSurvive/Content/Source/Player/Model/mclaren/rim_logo.uexp" 37
"D:/Unreal Project/DriveToSurvive/Content/Source/Player/Model/mclaren/rim.uasset" 38
"D:/Unreal Project/DriveToSurvive/Content/Source/Player/Model/mclaren/rim.uexp" 39
"D:/Unreal Project/DriveToSurvive/Content/Source/Player/Model/mclaren/reg.uasset" 40
"D:/Unreal Project/DriveToSurvive/Content/Source/Player/Model/mclaren/reg.uexp" 41
"D:/Unreal Project/DriveToSurvive/Content/Source/Player/Model/mclaren/Car_Skeleton.uasset" 42
"D:/Unreal Project/DriveToSurvive/Content/Source/Player/Model/mclaren/Car_Skeleton.uexp" 43
"D:/Unreal Project/DriveToSurvive/Content/Source/Player/Model/mclaren/black.uasset" 44
"D:/Unreal Project/DriveToSurvive/Content/Source/Player/Model/mclaren/black.uexp" 45
"D:/Unreal Project/DriveToSurvive/Content/Source/Player/Model/mclaren/black1.uasset" 46
"D:/Unreal Project/DriveToSurvive/Content/Source/Player/Model/mclaren/black1.uexp" 47
"D:/Unreal Project/DriveToSurvive/Content/Source/Player/Model/mclaren/Body01.uasset" 48
"D:/Unreal Project/DriveToSurvive/Content/Source/Player/Model/mclaren/Body01.uexp" 49
"D:/Unreal Project/DriveToSurvive/Content/Source/Player/Model/mclaren/carbon.uasset" 50
"D:/Unreal Project/DriveToSurvive/Content/Source/Player/Model/mclaren/carbon.uexp" 51
"D:/Unreal Project/DriveToSurvive/Content/Source/Player/Model/mclaren/carpet01.uasset" 52
"D:/Unreal Project/DriveToSurvive/Content/Source/Player/Model/mclaren/carpet01.uexp" 53
"D:/Unreal Project/DriveToSurvive/Content/Source/Player/Model/mclaren/light_glass.uasset" 54
"D:/Unreal Project/DriveToSurvive/Content/Source/Player/Model/mclaren/light_glass.uexp" 55
"D:/Unreal Project/DriveToSurvive/Content/Source/Player/Model/mclaren/Chassis.uasset" 56
"D:/Unreal Project/DriveToSurvive/Content/Source/Player/Model/mclaren/Chassis.uexp" 57
"D:/Unreal Project/DriveToSurvive/Content/Source/Player/Model/mclaren/chrome.uasset" 58
"D:/Unreal Project/DriveToSurvive/Content/Source/Player/Model/mclaren/chrome.uexp" 59
"D:/Unreal Project/DriveToSurvive/Content/Source/Player/Model/mclaren/Chrome01.uasset" 60
"D:/Unreal Project/DriveToSurvive/Content/Source/Player/Model/mclaren/Chrome01.uexp" 61
"D:/Unreal Project/DriveToSurvive/Content/Source/Player/Model/mclaren/chrome_ncl1_1.uasset" 62
"D:/Unreal Project/DriveToSurvive/Content/Source/Player/Model/mclaren/chrome_ncl1_1.uexp" 63
"D:/Unreal Project/DriveToSurvive/Content/Source/Player/Model/mclaren/console.uasset" 64
"D:/Unreal Project/DriveToSurvive/Content/Source/Player/Model/mclaren/console.uexp" 65
"D:/Unreal Project/DriveToSurvive/Content/Source/Player/Model/mclaren/dials.uasset" 66
"D:/Unreal Project/DriveToSurvive/Content/Source/Player/Model/mclaren/dials.uexp" 67
"D:/Unreal Project/DriveToSurvive/Content/Source/Player/Model/mclaren/Disk.uasset" 68
"D:/Unreal Project/DriveToSurvive/Content/Source/Player/Model/mclaren/Disk.uexp" 69
"D:/Unreal Project/DriveToSurvive/Content/Source/Player/Model/mclaren/Feux_glass01.uasset" 70
"D:/Unreal Project/DriveToSurvive/Content/Source/Player/Model/mclaren/Feux_glass01.uexp" 71
"D:/Unreal Project/DriveToSurvive/Content/Source/Player/Model/mclaren/glass.uasset" 72
"D:/Unreal Project/DriveToSurvive/Content/Source/Player/Model/mclaren/glass.uexp" 73
"D:/Unreal Project/DriveToSurvive/Content/Source/Player/Model/mclaren/glass_black.uasset" 74
"D:/Unreal Project/DriveToSurvive/Content/Source/Player/Model/mclaren/glass_black.uexp" 75
"D:/Unreal Project/DriveToSurvive/Content/Source/Player/Model/mclaren/grille.uasset" 76
"D:/Unreal Project/DriveToSurvive/Content/Source/Player/Model/mclaren/grille.uexp" 77
"D:/Unreal Project/DriveToSurvive/Content/Source/Player/Model/mclaren/Grille01.uasset" 78
"D:/Unreal Project/DriveToSurvive/Content/Source/Player/Model/mclaren/Grille01.uexp" 79
"D:/Unreal Project/DriveToSurvive/Content/Source/Player/Model/mclaren/headlight_glass.uasset" 80
"D:/Unreal Project/DriveToSurvive/Content/Source/Player/Model/mclaren/headlight_glass.uexp" 81
"D:/Unreal Project/DriveToSurvive/Content/Source/Player/Model/mclaren/int_leather.uasset" 82
"D:/Unreal Project/DriveToSurvive/Content/Source/Player/Model/mclaren/int_leather.uexp" 83
"D:/Unreal Project/DriveToSurvive/Content/Source/Player/Model/mclaren/interior_glass.uasset" 84
"D:/Unreal Project/DriveToSurvive/Content/Source/Player/Model/mclaren/interior_glass.uexp" 85
"D:/Unreal Project/DriveToSurvive/Content/Source/Player/Model/mclaren/leather.uasset" 86
"D:/Unreal Project/DriveToSurvive/Content/Source/Player/Model/mclaren/leather.uexp" 87
"D:/Unreal Project/DriveToSurvive/Content/Source/Player/Model/mclaren/lid.uasset" 88
"D:/Unreal Project/DriveToSurvive/Content/Source/Player/Model/mclaren/lid.uexp" 89
"D:/Unreal Project/DriveToSurvive/Content/Source/Player/Model/mclaren/light_chrome.uasset" 90
"D:/Unreal Project/DriveToSurvive/Content/Source/Player/Model/mclaren/light_chrome.uexp" 91
"D:/Unreal Project/DriveToSurvive/Content/Source/Player/Model/mclaren/light_orange.uasset" 92
"D:/Unreal Project/DriveToSurvive/Content/Source/Player/Model/mclaren/light_orange.uexp" 93
"D:/Unreal Project/DriveToSurvive/Content/Source/Player/Model/mclaren/light_red.uasset" 94
"D:/Unreal Project/DriveToSurvive/Content/Source/Player/Model/mclaren/light_red.uexp" 95
"D:/Unreal Project/DriveToSurvive/Content/Source/Player/Model/mclaren/light_red_ncl1_1.uasset" 96
"D:/Unreal Project/DriveToSurvive/Content/Source/Player/Model/mclaren/light_red_ncl1_1.uexp" 97
"D:/Unreal Project/DriveToSurvive/Content/Source/Player/Model/mclaren/lights_rear.uasset" 98
"D:/Unreal Project/DriveToSurvive/Content/Source/Player/Model/mclaren/lights_rear.uexp" 99
"D:/Unreal Project/DriveToSurvive/Content/Source/Player/Model/mclaren/logo.uasset" 100
"D:/Unreal Project/DriveToSurvive/Content/Source/Player/Model/mclaren/logo.uexp" 101
"D:/Unreal Project/DriveToSurvive/Content/Source/Player/Model/mclaren/lights_red.uasset" 102
"D:/Unreal Project/DriveToSurvive/Content/Source/Player/Model/mclaren/lights_red.uexp" 103
"D:/Unreal Project/DriveToSurvive/Content/Source/Player/Model/mclaren/logo_ncl1_1.uasset" 104
"D:/Unreal Project/DriveToSurvive/Content/Source/Player/Model/mclaren/logo_ncl1_1.uexp" 105
"D:/Unreal Project/DriveToSurvive/Content/Source/Player/Model/mclaren/Metal_.uasset" 106
"D:/Unreal Project/DriveToSurvive/Content/Source/Player/Model/mclaren/Metal_.uexp" 107
"D:/Unreal Project/DriveToSurvive/Content/Source/Player/Model/mclaren/Metal_alu01.uasset" 108
"D:/Unreal Project/DriveToSurvive/Content/Source/Player/Model/mclaren/Metal_alu01.uexp" 109
"D:/Unreal Project/DriveToSurvive/Content/Source/Player/Model/mclaren/Mirror.uasset" 110
"D:/Unreal Project/DriveToSurvive/Content/Source/Player/Model/mclaren/Mirror.uexp" 111
"D:/Unreal Project/DriveToSurvive/Content/Source/Player/Model/mclaren/plastic.uasset" 112
"D:/Unreal Project/DriveToSurvive/Content/Source/Player/Model/mclaren/plastic.uexp" 113
"D:/Unreal Project/DriveToSurvive/Content/Source/Player/Model/mclaren/red_bottomlight.uasset" 114
"D:/Unreal Project/DriveToSurvive/Content/Source/Player/Model/mclaren/red_bottomlight.uexp" 115
"D:/Unreal Project/DriveToSurvive/Content/Source/Player/Model/mclaren/Phare_feux01.uasset" 116
"D:/Unreal Project/DriveToSurvive/Content/Source/Player/Model/mclaren/Phare_feux01.uexp" 117
"D:/Unreal Project/DriveToSurvive/Content/Source/Player/Model/mclaren/Car.uasset" 118
"D:/Unreal Project/DriveToSurvive/Content/Source/Player/Model/mclaren/Car.uexp" 119
"D:/Unreal Project/DriveToSurvive/Content/Source/GameMode/BP_DriveToSurviveGameModeBase.uasset" 120
"D:/Unreal Project/DriveToSurvive/Content/Source/GameMode/BP_DriveToSurviveGameModeBase.uexp" 121
"D:/Unreal Project/DriveToSurvive/Content/Source/Player/BP_Car/CarAnimation/BaseCarAnimation.uasset" 122
"D:/Unreal Project/DriveToSurvive/Content/Source/Player/BP_Car/CarAnimation/BaseCarAnimation.uexp" 123
"D:/Unreal Project/DriveToSurvive/Content/Source/Player/BP_Car/Car/Wheel/C1Tyre.uasset" 124
"D:/Unreal Project/DriveToSurvive/Content/Source/Player/BP_Car/Car/Wheel/C1Tyre.uexp" 125
"D:/Unreal Project/DriveToSurvive/Content/Source/Player/Sound/CanEngine_F_midhigh-register_mono.uasset" 126
"D:/Unreal Project/DriveToSurvive/Content/Source/Player/Sound/CanEngine_F_midhigh-register_mono.uexp" 127
"D:/Unreal Project/DriveToSurvive/Content/Source/Player/Sound/EngineCue.uasset" 128
"D:/Unreal Project/DriveToSurvive/Content/Source/Player/Sound/EngineCue.uexp" 129
"D:/Unreal Project/DriveToSurvive/Content/Source/UI/RunningMessage.uasset" 130
"D:/Unreal Project/DriveToSurvive/Content/Source/UI/RunningMessage.uexp" 131
"D:/Unreal Project/DriveToSurvive/Content/Source/UI/StartLight.uasset" 132
"D:/Unreal Project/DriveToSurvive/Content/Source/UI/StartLight.uexp" 133
"D:/Unreal Project/DriveToSurvive/Content/Source/Player/BP_Car/Car/BaseCar/BP_BaseCar.uasset" 134
"D:/Unreal Project/DriveToSurvive/Content/Source/Player/BP_Car/Car/BaseCar/BP_BaseCar.uexp" 135
"D:/Unreal Project/DriveToSurvive/Content/Source/Player/BP_Car/Car/CarMaterial/CarWinodw.uasset" 136
"D:/Unreal Project/DriveToSurvive/Content/Source/Player/BP_Car/Car/CarMaterial/CarWinodw.uexp" 137
"D:/Unreal Project/DriveToSurvive/Content/Source/Player/BP_Car/Car/F1/BP_Formular_One.uasset" 138
"D:/Unreal Project/DriveToSurvive/Content/Source/Player/BP_Car/Car/F1/BP_Formular_One.uexp" 139
"D:/Unreal Project/DriveToSurvive/Content/Source/Player/Model/CarMaterial/CarWindow.uasset" 140
"D:/Unreal Project/DriveToSurvive/Content/Source/Player/Model/CarMaterial/CarWindow.uexp" 141
"D:/Unreal Project/DriveToSurvive/Content/Source/Player/Model/FormularOne/898988_2.uasset" 142
"D:/Unreal Project/DriveToSurvive/Content/Source/Player/Model/FormularOne/898988_2.uexp" 143
"D:/Unreal Project/DriveToSurvive/Content/Source/UI/ChooseCar.uasset" 144
"D:/Unreal Project/DriveToSurvive/Content/Source/UI/ChooseCar.uexp" 145
"D:/Unreal Project/DriveToSurvive/Content/Source/UI/StartWidget.uasset" 146
"D:/Unreal Project/DriveToSurvive/Content/Source/UI/StartWidget.uexp" 147
"D:/Unreal Project/DriveToSurvive/Content/Source/UI/TimeOutUI.uasset" 148
"D:/Unreal Project/DriveToSurvive/Content/Source/UI/TimeOutUI.uexp" 149
"../../../Engine/Content/ArtTools/RenderToTexture/Meshes/S_1_Unit_Plane.uasset" 150
"../../../Engine/Content/ArtTools/RenderToTexture/Meshes/S_1_Unit_Plane.uexp" 151
"../../../Engine/Content/BasicShapes/Cube.uasset" 152
"../../../Engine/Content/BasicShapes/Cube.uexp" 153
"../../../Engine/Content/EngineMaterials/DefaultMaterial.uasset" 154
"../../../Engine/Content/EngineMaterials/DefaultMaterial.uexp" 155
"../../../Engine/Content/BasicShapes/Sphere.uasset" 156
"../../../Engine/Content/BasicShapes/Sphere.uexp" 157
"../../../Engine/Content/EditorLandscapeResources/DataLayer.uasset" 158
"../../../Engine/Content/EditorLandscapeResources/DataLayer.uexp" 159
"../../../Engine/Content/EditorLandscapeResources/DefaultAlphaTexture.uasset" 160
"../../../Engine/Content/EditorLandscapeResources/DefaultAlphaTexture.uexp" 161
"../../../Engine/Content/EditorMaterials/MAT_Groups_Toggle.uasset" 162
"../../../Engine/Content/EditorMaterials/MAT_Groups_Toggle.uexp" 163
"../../../Engine/Content/EditorMaterials/MAT_Groups_Visibility.uasset" 164
"../../../Engine/Content/EditorMaterials/MAT_Groups_Visibility.uexp" 165
"../../../Engine/Content/EditorMaterials/PreviewShadowIndicator.uasset" 166
"../../../Engine/Content/EditorMaterials/PreviewShadowIndicator.uexp" 167
"../../../Engine/Content/EditorMaterials/PreviewShadowIndicator.ubulk" 168
"../../../Engine/Content/EditorMaterials/PreviewShadowIndicatorMaterial.uasset" 169
"../../../Engine/Content/EditorMaterials/PreviewShadowIndicatorMaterial.uexp" 170
"../../../Engine/Content/EditorMaterials/MatineeGroups/MAT_ColorTrack.uasset" 171
"../../../Engine/Content/EditorMaterials/MatineeGroups/MAT_ColorTrack.uexp" 172
"../../../Engine/Content/EditorMaterials/MatineeGroups/MAT_Groups_Anim.uasset" 173
"../../../Engine/Content/EditorMaterials/MatineeGroups/MAT_Groups_Anim.uexp" 174
"../../../Engine/Content/EditorMaterials/MatineeGroups/MAT_Groups_AudioMaster.uasset" 175
"../../../Engine/Content/EditorMaterials/MatineeGroups/MAT_Groups_AudioMaster.uexp" 176
"../../../Engine/Content/EditorMaterials/MatineeGroups/MAT_Groups_Director.uasset" 177
"../../../Engine/Content/EditorMaterials/MatineeGroups/MAT_Groups_Director.uexp" 178
"../../../Engine/Content/EditorMaterials/MatineeGroups/MAT_Groups_Event.uasset" 179
"../../../Engine/Content/EditorMaterials/MatineeGroups/MAT_Groups_Event.uexp" 180
"../../../Engine/Content/EditorMaterials/MatineeGroups/MAT_Groups_Fade.uasset" 181
"../../../Engine/Content/EditorMaterials/MatineeGroups/MAT_Groups_Fade.uexp" 182
"../../../Engine/Content/EditorMaterials/MatineeGroups/MAT_Groups_Float.uasset" 183
"../../../Engine/Content/EditorMaterials/MatineeGroups/MAT_Groups_Float.uexp" 184
"../../../Engine/Content/EditorMaterials/MatineeGroups/MAT_Groups_Move.uasset" 185
"../../../Engine/Content/EditorMaterials/MatineeGroups/MAT_Groups_Move.uexp" 186
"../../../Engine/Content/EditorMaterials/MatineeGroups/MAT_Groups_Slomo.uasset" 187
"../../../Engine/Content/EditorMaterials/MatineeGroups/MAT_Groups_Slomo.uexp" 188
"../../../Engine/Content/EditorMaterials/MatineeGroups/MAT_Groups_Sound.uasset" 189
"../../../Engine/Content/EditorMaterials/MatineeGroups/MAT_Groups_Sound.uexp" 190
"../../../Engine/Content/EditorMaterials/MatineeGroups/MAT_Groups_Vector.uasset" 191
"../../../Engine/Content/EditorMaterials/MatineeGroups/MAT_Groups_Vector.uexp" 192
"../../../Engine/Content/EditorMaterials/ParticleSystems/PSysThumbnail_NoImage.uasset" 193
"../../../Engine/Content/EditorMaterials/ParticleSystems/PSysThumbnail_NoImage.uexp" 194
"../../../Engine/Content/EditorMaterials/ParticleSystems/PSysThumbnail_NoImage.ubulk" 195
"../../../Engine/Content/EditorMaterials/ParticleSystems/PSysThumbnail_OOD.uasset" 196
"../../../Engine/Content/EditorMaterials/ParticleSystems/PSysThumbnail_OOD.uexp" 197
"../../../Engine/Content/EditorMaterials/ParticleSystems/PSysThumbnail_OOD.ubulk" 198
"../../../Engine/Content/EditorMaterials/Camera/CineMat.uasset" 199
"../../../Engine/Content/EditorMaterials/Camera/CineMat.uexp" 200
"../../../Engine/Content/EditorMaterials/Camera/MI_CineMat_Rig.uasset" 201
"../../../Engine/Content/EditorMaterials/Camera/MI_CineMat_Rig.uexp" 202
"../../../Engine/Content/EditorMeshes/Camera/SM_CraneRig_Arm.uasset" 203
"../../../Engine/Content/EditorMeshes/Camera/SM_CraneRig_Arm.uexp" 204
"../../../Engine/Content/EditorMeshes/Camera/SM_CraneRig_Base.uasset" 205
"../../../Engine/Content/EditorMeshes/Camera/SM_CraneRig_Base.uexp" 206
"../../../Engine/Content/EditorMeshes/Camera/SM_CraneRig_Body.uasset" 207
"../../../Engine/Content/EditorMeshes/Camera/SM_CraneRig_Body.uexp" 208
"../../../Engine/Content/EditorMeshes/Camera/SM_CraneRig_Mount.uasset" 209
"../../../Engine/Content/EditorMeshes/Camera/SM_CraneRig_Mount.uexp" 210
"../../../Engine/Content/EditorMeshes/Camera/SM_RailRig_Mount.uasset" 211
"../../../Engine/Content/EditorMeshes/Camera/SM_RailRig_Mount.uexp" 212
"../../../Engine/Content/EditorMeshes/Camera/SM_RailRig_Track.uasset" 213
"../../../Engine/Content/EditorMeshes/Camera/SM_RailRig_Track.uexp" 214
"../../../Engine/Content/EditorResources/BSPVertex.uasset" 215
"../../../Engine/Content/EditorResources/BSPVertex.uexp" 216
"../../../Engine/Content/EditorResources/EmptyActor.uasset" 217
"../../../Engine/Content/EditorResources/EmptyActor.uexp" 218
"../../../Engine/Content/EditorResources/S_Actor.uasset" 219
"../../../Engine/Content/EditorResources/S_Actor.uexp" 220
"../../../Engine/Content/EditorResources/S_Actor.ubulk" 221
"../../../Engine/Content/EditorResources/S_Note.uasset" 222
"../../../Engine/Content/EditorResources/S_Note.uexp" 223
"../../../Engine/Content/EditorResources/S_Note.ubulk" 224
"../../../Engine/Content/EditorResources/S_Solver.uasset" 225
"../../../Engine/Content/EditorResources/S_Solver.uexp" 226
"../../../Engine/Content/EditorResources/S_Solver.ubulk" 227
"../../../Engine/Content/EditorResources/S_Terrain.uasset" 228
"../../../Engine/Content/EditorResources/S_Terrain.uexp" 229
"../../../Engine/Content/EditorResources/S_Terrain.ubulk" 230
"../../../Engine/Content/EditorResources/S_Trigger.uasset" 231
"../../../Engine/Content/EditorResources/S_Trigger.uexp" 232
"../../../Engine/Content/EditorResources/S_Trigger.ubulk" 233
"../../../Engine/Content/EditorResources/AudioIcons/S_AudioComponent_AutoActivate.uasset" 234
"../../../Engine/Content/EditorResources/AudioIcons/S_AudioComponent_AutoActivate.uexp" 235
"../../../Engine/Content/EditorResources/AudioIcons/S_AudioComponent_AutoActivate.ubulk" 236
"../../../Engine/Content/EditorResources/LightIcons/S_LightError.uasset" 237
"../../../Engine/Content/EditorResources/LightIcons/S_LightError.uexp" 238
"../../../Engine/Content/EditorResources/SequenceRecorder/Countdown.uasset" 239
"../../../Engine/Content/EditorResources/SequenceRecorder/Countdown.uexp" 240
"../../../Engine/Content/EditorResources/SequenceRecorder/RecordingIndicator.uasset" 241
"../../../Engine/Content/EditorResources/SequenceRecorder/RecordingIndicator.uexp" 242
"../../../Engine/Content/EngineDamageTypes/DmgTypeBP_Environmental.uasset" 243
"../../../Engine/Content/EngineDamageTypes/DmgTypeBP_Environmental.uexp" 244
"../../../Engine/Content/EngineDebugMaterials/DebugEditorMaterial.uasset" 245
"../../../Engine/Content/EngineDebugMaterials/DebugEditorMaterial.uexp" 246
"../../../Engine/Content/EngineDebugMaterials/DebugMeshMaterial.uasset" 247
"../../../Engine/Content/EngineDebugMaterials/DebugMeshMaterial.uexp" 248
"../../../Engine/Content/EngineDebugMaterials/M_SimpleUnlitTranslucent.uasset" 249
"../../../Engine/Content/EngineDebugMaterials/M_SimpleUnlitTranslucent.uexp" 250
"../../../Engine/Content/EngineDebugMaterials/VolumeToRender.uasset" 251
"../../../Engine/Content/EngineDebugMaterials/VolumeToRender.uexp" 252
"../../../Engine/Content/Functions/Engine_MaterialFunctions02/Utility/CameraDirectionVector.uasset" 253
"../../../Engine/Content/Functions/Engine_MaterialFunctions02/Utility/CameraDirectionVector.uexp" 254
"../../../Engine/Content/EngineDebugMaterials/M_VolumeRenderSphereTracePP.uasset" 255
"../../../Engine/Content/EngineDebugMaterials/M_VolumeRenderSphereTracePP.uexp" 256
"../../../Engine/Content/Functions/Engine_MaterialFunctions01/Shading/ConvertFromDiffSpec.uasset" 257
"../../../Engine/Content/Functions/Engine_MaterialFunctions01/Shading/ConvertFromDiffSpec.uexp" 258
"../../../Engine/Content/EngineDebugMaterials/VertexColorMaterial.uasset" 259
"../../../Engine/Content/EngineDebugMaterials/VertexColorMaterial.uexp" 260
"../../../Engine/Content/EngineDebugMaterials/WireframeMaterial.uasset" 261
"../../../Engine/Content/EngineDebugMaterials/WireframeMaterial.uexp" 262
"../../../Engine/Content/EngineFonts/Faces/RobotoRegular.uasset" 263
"../../../Engine/Content/EngineFonts/Faces/RobotoRegular.uexp" 264
"../../../Engine/Content/EngineFonts/Faces/RobotoRegular.ufont" 265
"../../../Engine/Content/EngineFonts/Faces/RobotoLight.uasset" 266
"../../../Engine/Content/EngineFonts/Faces/RobotoLight.uexp" 267
"../../../Engine/Content/EngineFonts/Faces/RobotoLight.ufont" 268
"../../../Engine/Content/EngineFonts/Faces/RobotoItalic.uasset" 269
"../../../Engine/Content/EngineFonts/Faces/RobotoItalic.uexp" 270
"../../../Engine/Content/EngineFonts/Faces/RobotoItalic.ufont" 271
"../../../Engine/Content/EngineFonts/Faces/RobotoBoldItalic.uasset" 272
"../../../Engine/Content/EngineFonts/Faces/RobotoBoldItalic.uexp" 273
"../../../Engine/Content/EngineFonts/Faces/RobotoBoldItalic.ufont" 274
"../../../Engine/Content/EngineFonts/Faces/RobotoBold.uasset" 275
"../../../Engine/Content/EngineFonts/Faces/RobotoBold.uexp" 276
"../../../Engine/Content/EngineFonts/Faces/RobotoBold.ufont" 277
"../../../Engine/Content/EngineFonts/Faces/DroidSansFallback.uasset" 278
"../../../Engine/Content/EngineFonts/Faces/DroidSansFallback.uexp" 279
"../../../Engine/Content/EngineFonts/Faces/DroidSansFallback.ufont" 280
"../../../Engine/Content/EngineFonts/Roboto.uasset" 281
"../../../Engine/Content/EngineFonts/Roboto.uexp" 282
"../../../Engine/Content/EngineMaterials/BaseFlattenNormalMap.uasset" 283
"../../../Engine/Content/EngineMaterials/BaseFlattenNormalMap.uexp" 284
"../../../Engine/Content/EngineMaterials/BaseFlattenGrayscaleMap.uasset" 285
"../../../Engine/Content/EngineMaterials/BaseFlattenGrayscaleMap.uexp" 286
"../../../Engine/Content/EngineMaterials/BaseFlattenEmissiveMap.uasset" 287
"../../../Engine/Content/EngineMaterials/BaseFlattenEmissiveMap.uexp" 288
"../../../Engine/Content/EngineMaterials/BaseFlattenDiffuseMap.uasset" 289
"../../../Engine/Content/EngineMaterials/BaseFlattenDiffuseMap.uexp" 290
"../../../Engine/Content/EngineMaterials/BaseFlattenMaterial.uasset" 291
"../../../Engine/Content/EngineMaterials/BaseFlattenMaterial.uexp" 292
"../../../Engine/Content/EngineMaterials/BlueNoise.uasset" 293
"../../../Engine/Content/EngineMaterials/BlueNoise.uexp" 294
"../../../Engine/Content/EngineMaterials/DefaultBloomKernel.uasset" 295
"../../../Engine/Content/EngineMaterials/DefaultBloomKernel.uexp" 296
"../../../Engine/Content/EngineMaterials/DefaultBokeh.uasset" 297
"../../../Engine/Content/EngineMaterials/DefaultBokeh.uexp" 298
"../../../Engine/Content/EngineMaterials/DefaultDiffuse.uasset" 299
"../../../Engine/Content/EngineMaterials/DefaultDiffuse.uexp" 300
"../../../Engine/Content/EngineMaterials/DefaultDiffuse.ubulk" 301
"../../../Engine/Content/EngineMaterials/DefaultDeferredDecalMaterial.uasset" 302
"../../../Engine/Content/EngineMaterials/DefaultDeferredDecalMaterial.uexp" 303
"../../../Engine/Content/EngineMaterials/DefaultLightFunctionMaterial.uasset" 304
"../../../Engine/Content/EngineMaterials/DefaultLightFunctionMaterial.uexp" 305
"../../../Engine/Content/Functions/Engine_MaterialFunctions02/Utility/BreakOutFloat2Components.uasset" 306
"../../../Engine/Content/Functions/Engine_MaterialFunctions02/Utility/BreakOutFloat2Components.uexp" 307
"../../../Engine/Content/EngineMaterials/DefaultPostProcessMaterial.uasset" 308
"../../../Engine/Content/EngineMaterials/DefaultPostProcessMaterial.uexp" 309
"../../../Engine/Content/EngineFonts/RobotoDistanceField.uasset" 310
"../../../Engine/Content/EngineFonts/RobotoDistanceField.uexp" 311
"../../../Engine/Content/EngineMaterials/DefaultTextMaterialOpaque.uasset" 312
"../../../Engine/Content/EngineMaterials/DefaultTextMaterialOpaque.uexp" 313
"../../../Engine/Content/EngineMaterials/DefaultWhiteGrid.uasset" 314
"../../../Engine/Content/EngineMaterials/DefaultWhiteGrid.uexp" 315
"../../../Engine/Content/EngineMaterials/DefaultWhiteGrid.ubulk" 316
"../../../Engine/Content/EngineMaterials/DefaultWhiteGrid_Low.uasset" 317
"../../../Engine/Content/EngineMaterials/DefaultWhiteGrid_Low.uexp" 318
"../../../Engine/Content/EngineMaterials/EmissiveMeshMaterial.uasset" 319
"../../../Engine/Content/EngineMaterials/EmissiveMeshMaterial.uexp" 320
"../../../Engine/Content/EngineMaterials/GizmoMaterial.uasset" 321
"../../../Engine/Content/EngineMaterials/GizmoMaterial.uexp" 322
"../../../Engine/Content/EngineMaterials/Good64x64TilingNoiseHighFreq.uasset" 323
"../../../Engine/Content/EngineMaterials/Good64x64TilingNoiseHighFreq.uexp" 324
"../../../Engine/Content/EngineMaterials/MiniFont.uasset" 325
"../../../Engine/Content/EngineMaterials/MiniFont.uexp" 326
"../../../Engine/Content/EngineMaterials/InvalidLightmapSettings.uasset" 327
"../../../Engine/Content/EngineMaterials/InvalidLightmapSettings.uexp" 328
"../../../Engine/Content/EngineMaterials/InvalidLightmapSettings.ubulk" 329
"../../../Engine/Content/EngineMaterials/M_InvalidLightmapSettings.uasset" 330
"../../../Engine/Content/EngineMaterials/M_InvalidLightmapSettings.uexp" 331
"../../../Engine/Content/Functions/Engine_MaterialFunctions02/WorldPositionOffset/CameraOffset.uasset" 332
"../../../Engine/Content/Functions/Engine_MaterialFunctions02/WorldPositionOffset/CameraOffset.uexp" 333
"../../../Engine/Content/EngineMaterials/PhAT_JointLimitMaterial.uasset" 334
"../../../Engine/Content/EngineMaterials/PhAT_JointLimitMaterial.uexp" 335
"../../../Engine/Content/EngineMaterials/DefaultCalibrationColor.uasset" 336
"../../../Engine/Content/EngineMaterials/DefaultCalibrationColor.uexp" 337
"../../../Engine/Content/EngineMaterials/PPM_DefaultCalibrationColor.uasset" 338
"../../../Engine/Content/EngineMaterials/PPM_DefaultCalibrationColor.uexp" 339
"../../../Engine/Content/EngineMaterials/DefaultCalibrationGrayscale.uasset" 340
"../../../Engine/Content/EngineMaterials/DefaultCalibrationGrayscale.uexp" 341
"../../../Engine/Content/EngineMaterials/PPM_DefaultCalibrationGrayscale.uasset" 342
"../../../Engine/Content/EngineMaterials/PPM_DefaultCalibrationGrayscale.uexp" 343
"../../../Engine/Content/EngineMaterials/PreintegratedSkinBRDF.uasset" 344
"../../../Engine/Content/EngineMaterials/PreintegratedSkinBRDF.uexp" 345
"../../../Engine/Content/EngineMaterials/RemoveSurfaceMaterial.uasset" 346
"../../../Engine/Content/EngineMaterials/RemoveSurfaceMaterial.uexp" 347
"../../../Engine/Content/EngineMaterials/WeightMapPlaceholderTexture.uasset" 348
"../../../Engine/Content/EngineMaterials/WeightMapPlaceholderTexture.uexp" 349
"../../../Engine/Content/EngineResources/WhiteSquareTexture.uasset" 350
"../../../Engine/Content/EngineResources/WhiteSquareTexture.uexp" 351
"../../../Engine/Content/EngineMaterials/Widget3DPassThrough.uasset" 352
"../../../Engine/Content/EngineMaterials/Widget3DPassThrough.uexp" 353
"../../../Engine/Content/EngineMaterials/Widget3DPassThrough_Masked.uasset" 354
"../../../Engine/Content/EngineMaterials/Widget3DPassThrough_Masked.uexp" 355
"../../../Engine/Content/EngineMaterials/Widget3DPassThrough_Opaque.uasset" 356
"../../../Engine/Content/EngineMaterials/Widget3DPassThrough_Opaque.uexp" 357
"../../../Engine/Content/EngineMaterials/Widget3DPassThrough_Masked_OneSided.uasset" 358
"../../../Engine/Content/EngineMaterials/Widget3DPassThrough_Masked_OneSided.uexp" 359
"../../../Engine/Content/EngineMaterials/Widget3DPassThrough_Opaque_OneSided.uasset" 360
"../../../Engine/Content/EngineMaterials/Widget3DPassThrough_Opaque_OneSided.uexp" 361
"../../../Engine/Content/EngineMaterials/Widget3DPassThrough_Translucent.uasset" 362
"../../../Engine/Content/EngineMaterials/Widget3DPassThrough_Translucent.uexp" 363
"../../../Engine/Content/EngineMaterials/Widget3DPassThrough_Translucent_OneSided.uasset" 364
"../../../Engine/Content/EngineMaterials/Widget3DPassThrough_Translucent_OneSided.uexp" 365
"../../../Engine/Content/EngineMeshes/Cylinder.uasset" 366
"../../../Engine/Content/EngineMeshes/Cylinder.uexp" 367
"../../../Engine/Content/EngineMeshes/Sphere.uasset" 368
"../../../Engine/Content/EngineMeshes/Sphere.uexp" 369
"../../../Engine/Content/EngineResources/DefaultTexture.uasset" 370
"../../../Engine/Content/EngineResources/DefaultTexture.uexp" 371
"../../../Engine/Content/EngineResources/DefaultTexture.ubulk" 372
"../../../Engine/Content/EngineResources/DefaultTextureCube.uasset" 373
"../../../Engine/Content/EngineResources/DefaultTextureCube.uexp" 374
"../../../Engine/Content/EngineResources/DefaultVolumeTexture2D.uasset" 375
"../../../Engine/Content/EngineResources/DefaultVolumeTexture2D.uexp" 376
"../../../Engine/Content/EngineResources/DefaultVolumeTexture.uasset" 377
"../../../Engine/Content/EngineResources/DefaultVolumeTexture.uexp" 378
"../../../Engine/Content/EngineResources/GradientTexture0.uasset" 379
"../../../Engine/Content/EngineResources/GradientTexture0.uexp" 380
"../../../Engine/Content/EngineSky/VolumetricClouds/T_NoiseShape64.uasset" 381
"../../../Engine/Content/EngineSky/VolumetricClouds/T_NoiseShape64.uexp" 382
"../../../Engine/Content/EngineSky/VolumetricClouds/T_NoiseShape64.ubulk" 383
"../../../Engine/Content/EngineSky/VolumetricClouds/T_VolumeNoiseShape64.uasset" 384
"../../../Engine/Content/EngineSky/VolumetricClouds/T_VolumeNoiseShape64.uexp" 385
"../../../Engine/Content/EngineSky/VolumetricClouds/T_NoiseErosion.uasset" 386
"../../../Engine/Content/EngineSky/VolumetricClouds/T_NoiseErosion.uexp" 387
"../../../Engine/Content/EngineSky/VolumetricClouds/T_NoiseErosion.ubulk" 388
"../../../Engine/Content/EngineSky/VolumetricClouds/T_VolumeNoiseErosion32.uasset" 389
"../../../Engine/Content/EngineSky/VolumetricClouds/T_VolumeNoiseErosion32.uexp" 390
"../../../Engine/Content/EngineSky/VolumetricClouds/CloudWeatherTexture.uasset" 391
"../../../Engine/Content/EngineSky/VolumetricClouds/CloudWeatherTexture.uexp" 392
"../../../Engine/Content/EngineSky/VolumetricClouds/CloudGradientTexture.uasset" 393
"../../../Engine/Content/EngineSky/VolumetricClouds/CloudGradientTexture.uexp" 394
"../../../Engine/Content/Functions/Engine_MaterialFunctions02/Utility/MakeFloat2.uasset" 395
"../../../Engine/Content/Functions/Engine_MaterialFunctions02/Utility/MakeFloat2.uexp" 396
"../../../Engine/Content/EngineSky/VolumetricClouds/m_SimpleVolumetricCloud.uasset" 397
"../../../Engine/Content/EngineSky/VolumetricClouds/m_SimpleVolumetricCloud.uexp" 398
"../../../Engine/Content/EngineSky/VolumetricClouds/m_SimpleVolumetricCloud_Inst.uasset" 399
"../../../Engine/Content/EngineSky/VolumetricClouds/m_SimpleVolumetricCloud_Inst.uexp" 400
"../../../Engine/Content/EngineSounds/Master.uasset" 401
"../../../Engine/Content/EngineSounds/Master.uexp" 402
"../../../Engine/Content/Functions/Engine_MaterialFunctions01/Shading/PowerToRoughness.uasset" 403
"../../../Engine/Content/Functions/Engine_MaterialFunctions01/Shading/PowerToRoughness.uexp" 404
"../../../Engine/Content/Maps/Templates/Thumbnails/Default.uasset" 405
"../../../Engine/Content/Maps/Templates/Thumbnails/Default.uexp" 406
"../../../Engine/Content/Maps/Templates/Thumbnails/TimeOfDay.uasset" 407
"../../../Engine/Content/Maps/Templates/Thumbnails/TimeOfDay.uexp" 408
"../../../Engine/Content/Maps/Templates/Thumbnails/VR-Basic.uasset" 409
"../../../Engine/Content/Maps/Templates/Thumbnails/VR-Basic.uexp" 410
"../../../Engine/Content/MobileResources/T_MobileControls_texture.uasset" 411
"../../../Engine/Content/MobileResources/T_MobileControls_texture.uexp" 412
"../../../Engine/Content/MobileResources/T_MobileMenu2.uasset" 413
"../../../Engine/Content/MobileResources/T_MobileMenu2.uexp" 414
"../../../Engine/Content/MobileResources/HUD/AnalogHat.uasset" 415
"../../../Engine/Content/MobileResources/HUD/AnalogHat.uexp" 416
"../../../Engine/Content/MobileResources/HUD/VirtualJoystick_Thumb.uasset" 417
"../../../Engine/Content/MobileResources/HUD/VirtualJoystick_Thumb.uexp" 418
"../../../Engine/Content/MobileResources/HUD/VirtualJoystick_Background.uasset" 419
"../../../Engine/Content/MobileResources/HUD/VirtualJoystick_Background.uexp" 420
"../../../Engine/Content/MobileResources/HUD/DefaultVirtualJoysticks.uasset" 421
"../../../Engine/Content/MobileResources/HUD/DefaultVirtualJoysticks.uexp" 422
"../../../Engine/Content/MobileResources/HUD/LeftVirtualJoystickOnly.uasset" 423
"../../../Engine/Content/MobileResources/HUD/LeftVirtualJoystickOnly.uexp" 424
"../../../Engine/Content/MobileResources/HUD/MobileHUDButton1_off.uasset" 425
"../../../Engine/Content/MobileResources/HUD/MobileHUDButton1_off.uexp" 426
"../../../Engine/Content/MobileResources/HUD/MobileHUDButton1_on.uasset" 427
"../../../Engine/Content/MobileResources/HUD/MobileHUDButton1_on.uexp" 428
"../../../Engine/Content/MobileResources/HUD/MobileHUDButton2_off.uasset" 429
"../../../Engine/Content/MobileResources/HUD/MobileHUDButton2_off.uexp" 430
"../../../Engine/Content/MobileResources/HUD/MobileHUDButton2_on.uasset" 431
"../../../Engine/Content/MobileResources/HUD/MobileHUDButton2_on.uexp" 432
"../../../Engine/Content/MobileResources/HUD/MobileHUDButton3.uasset" 433
"../../../Engine/Content/MobileResources/HUD/MobileHUDButton3.uexp" 434
"../../../Engine/Content/MobileResources/HUD/MobileHUDButtonFire.uasset" 435
"../../../Engine/Content/MobileResources/HUD/MobileHUDButtonFire.uexp" 436
"../../../Engine/Content/MobileResources/HUD/MobileHUDDirectionPad.uasset" 437
"../../../Engine/Content/MobileResources/HUD/MobileHUDDirectionPad.uexp" 438
"../../../Engine/Content/MobileResources/HUD/MobileHUDDirectionPad2.uasset" 439
"../../../Engine/Content/MobileResources/HUD/MobileHUDDirectionPad2.uexp" 440
"../../../Engine/Content/MobileResources/HUD/MobileHUDDirectionPad3.uasset" 441
"../../../Engine/Content/MobileResources/HUD/MobileHUDDirectionPad3.uexp" 442
"../../../Engine/Content/MobileResources/HUD/MobileHUDDirectionStick.uasset" 443
"../../../Engine/Content/MobileResources/HUD/MobileHUDDirectionStick.uexp" 444
"../../../Engine/Content/MobileResources/HUD/T_Castle_ThumbstickInner.uasset" 445
"../../../Engine/Content/MobileResources/HUD/T_Castle_ThumbstickInner.uexp" 446
"../../../Engine/Content/MobileResources/HUD/T_Castle_ThumbstickOutter.uasset" 447
"../../../Engine/Content/MobileResources/HUD/T_Castle_ThumbstickOutter.uexp" 448
"../../../Engine/Content/Tutorial/ContentIntroCurve.uasset" 449
"../../../Engine/Content/Tutorial/ContentIntroCurve.uexp" 450
"../../../Engine/Content/Tutorial/BlueprintTutorials/TutorialAssets/Blueprint_64x.uasset" 451
"../../../Engine/Content/Tutorial/BlueprintTutorials/TutorialAssets/Blueprint_64x.uexp" 452
"../../../Engine/Content/VREditor/TransformGizmo/TranslucentTransformGizmoMaterial.uasset" 453
"../../../Engine/Content/VREditor/TransformGizmo/TranslucentTransformGizmoMaterial.uexp" 454
"../../../Engine/Content/VREditor/LaserPointer/VR_LaserPower_01.uasset" 455
"../../../Engine/Content/VREditor/LaserPointer/VR_LaserPower_01.uexp" 456
"../../../Engine/Content/VREditor/LaserPointer/VR_LaserPower_01.ubulk" 457
"../../../Engine/Content/VREditor/TransformGizmo/TransformGizmoMaterial.uasset" 458
"../../../Engine/Content/VREditor/TransformGizmo/TransformGizmoMaterial.uexp" 459
"../../../Engine/Content/VREditor/TransformGizmo/BoundingBoxCorner.uasset" 460
"../../../Engine/Content/VREditor/TransformGizmo/BoundingBoxCorner.uexp" 461
"../../../Engine/Content/VREditor/TransformGizmo/BoundingBoxEdge.uasset" 462
"../../../Engine/Content/VREditor/TransformGizmo/BoundingBoxEdge.uexp" 463
"../../../Engine/Content/VREditor/TransformGizmo/PlaneTranslationHandle.uasset" 464
"../../../Engine/Content/VREditor/TransformGizmo/PlaneTranslationHandle.uexp" 465
"../../../Engine/Content/VREditor/TransformGizmo/Xray.uasset" 466
"../../../Engine/Content/VREditor/TransformGizmo/Xray.uexp" 467
"../../../Engine/Content/VREditor/TransformGizmo/Main.uasset" 468
"../../../Engine/Content/VREditor/TransformGizmo/Main.uexp" 469
"../../../Engine/Content/VREditor/TransformGizmo/SM_Sequencer_Key.uasset" 470
"../../../Engine/Content/VREditor/TransformGizmo/SM_Sequencer_Key.uexp" 471
"../../../Engine/Content/VREditor/TransformGizmo/SM_Sequencer_Node.uasset" 472
"../../../Engine/Content/VREditor/TransformGizmo/SM_Sequencer_Node.uexp" 473
"../../../Engine/Plugins/2D/Paper2D/Content/PlaceholderTextures/DummySpriteTexture.uasset" 474
"../../../Engine/Plugins/2D/Paper2D/Content/PlaceholderTextures/DummySpriteTexture.uexp" 475
"../../../Engine/Plugins/2D/Paper2D/Content/PlaceholderTextures/DummySpriteTexture.ubulk" 476
"../../../Engine/Plugins/2D/Paper2D/Content/DummySprite.uasset" 477
"../../../Engine/Plugins/2D/Paper2D/Content/DummySprite.uexp" 478
"../../../Engine/Plugins/2D/Paper2D/Content/DefaultPaperTerrainMaterial.uasset" 479
"../../../Engine/Plugins/2D/Paper2D/Content/DefaultPaperTerrainMaterial.uexp" 480
"../../../Engine/Plugins/2D/Paper2D/Content/DefaultSpriteMaterial.uasset" 481
"../../../Engine/Plugins/2D/Paper2D/Content/DefaultSpriteMaterial.uexp" 482
"../../../Engine/Plugins/2D/Paper2D/Content/MaskedUnlitSpriteMaterial.uasset" 483
"../../../Engine/Plugins/2D/Paper2D/Content/MaskedUnlitSpriteMaterial.uexp" 484
"../../../Engine/Plugins/2D/Paper2D/Content/OpaqueUnlitSpriteMaterial.uasset" 485
"../../../Engine/Plugins/2D/Paper2D/Content/OpaqueUnlitSpriteMaterial.uexp" 486
"../../../Engine/Content/Functions/Engine_MaterialFunctions02/Utility/BreakOutFloat3Components.uasset" 487
"../../../Engine/Content/Functions/Engine_MaterialFunctions02/Utility/BreakOutFloat3Components.uexp" 488
"../../../Engine/Plugins/Editor/SpeedTreeImporter/Content/SpeedTree9/UnpackInteger3.uasset" 489
"../../../Engine/Plugins/Editor/SpeedTreeImporter/Content/SpeedTree9/UnpackInteger3.uexp" 490
"../../../Engine/Plugins/Editor/SpeedTreeImporter/Content/SpeedTree9/UnpackDirection.uasset" 491
"../../../Engine/Plugins/Editor/SpeedTreeImporter/Content/SpeedTree9/UnpackDirection.uexp" 492
"../../../Engine/Plugins/Editor/SpeedTreeImporter/Content/SpeedTree9/game_wind_noise.uasset" 493
"../../../Engine/Plugins/Editor/SpeedTreeImporter/Content/SpeedTree9/game_wind_noise.uexp" 494
"../../../Engine/Plugins/Editor/SpeedTreeImporter/Content/SpeedTree9/game_wind_noise.ubulk" 495
"../../../Engine/Content/Functions/Engine_MaterialFunctions02/SafeNormalize.uasset" 496
"../../../Engine/Content/Functions/Engine_MaterialFunctions02/SafeNormalize.uexp" 497
"../../../Engine/Plugins/Editor/SpeedTreeImporter/Content/SpeedTree9/SpeedTreeWindMotion.uasset" 498
"../../../Engine/Plugins/Editor/SpeedTreeImporter/Content/SpeedTree9/SpeedTreeWindMotion.uexp" 499
"../../../Engine/Plugins/Editor/SpeedTreeImporter/Content/SpeedTree9/SpeedTreeBranchMotion.uasset" 500
"../../../Engine/Plugins/Editor/SpeedTreeImporter/Content/SpeedTree9/SpeedTreeBranchMotion.uexp" 501
"../../../Engine/Content/Functions/Engine_MaterialFunctions02/ObjectLocalBounds.uasset" 502
"../../../Engine/Content/Functions/Engine_MaterialFunctions02/ObjectLocalBounds.uexp" 503
"../../../Engine/Content/Functions/Engine_MaterialFunctions02/UVs/BoundingBoxBased_0-1_UVW.uasset" 504
"../../../Engine/Content/Functions/Engine_MaterialFunctions02/UVs/BoundingBoxBased_0-1_UVW.uexp" 505
"../../../Engine/Content/Functions/Engine_MaterialFunctions02/Utility/VectorLength.uasset" 506
"../../../Engine/Content/Functions/Engine_MaterialFunctions02/Utility/VectorLength.uexp" 507
"../../../Engine/Content/Functions/Engine_MaterialFunctions02/WorldPositionOffset/ObjectScale.uasset" 508
"../../../Engine/Content/Functions/Engine_MaterialFunctions02/WorldPositionOffset/ObjectScale.uexp" 509
"../../../Engine/Plugins/Editor/SpeedTreeImporter/Content/SpeedTree9/SpeedTreeWind.uasset" 510
"../../../Engine/Plugins/Editor/SpeedTreeImporter/Content/SpeedTree9/SpeedTreeWind.uexp" 511
"../../../Engine/Plugins/Editor/SpeedTreeImporter/Content/SpeedTree9/SpeedTreeBillboard.uasset" 512
"../../../Engine/Plugins/Editor/SpeedTreeImporter/Content/SpeedTree9/SpeedTreeBillboard.uexp" 513
"../../../Engine/Plugins/Editor/SpeedTreeImporter/Content/SpeedTree9/EmptyNormal.uasset" 514
"../../../Engine/Plugins/Editor/SpeedTreeImporter/Content/SpeedTree9/EmptyNormal.uexp" 515
"../../../Engine/Plugins/Editor/SpeedTreeImporter/Content/SpeedTree9/Empty.uasset" 516
"../../../Engine/Plugins/Editor/SpeedTreeImporter/Content/SpeedTree9/Empty.uexp" 517
"../../../Engine/Plugins/Editor/SpeedTreeImporter/Content/SpeedTree9/SpeedTreeBillboardMaster.uasset" 518
"../../../Engine/Plugins/Editor/SpeedTreeImporter/Content/SpeedTree9/SpeedTreeBillboardMaster.uexp" 519
"../../../Engine/Plugins/Editor/SpeedTreeImporter/Content/SpeedTree9/SpeedTreeCameraFacing.uasset" 520
"../../../Engine/Plugins/Editor/SpeedTreeImporter/Content/SpeedTree9/SpeedTreeCameraFacing.uexp" 521
"../../../Engine/Plugins/Editor/SpeedTreeImporter/Content/SpeedTree9/SpeedTreeMaster.uasset" 522
"../../../Engine/Plugins/Editor/SpeedTreeImporter/Content/SpeedTree9/SpeedTreeMaster.uexp" 523
"../../../Engine/Plugins/Runtime/OpenXR/Content/Devices/GoogleDaydream/MRTexture.uasset" 524
"../../../Engine/Plugins/Runtime/OpenXR/Content/Devices/GoogleDaydream/MRTexture.uexp" 525
"../../../Engine/Plugins/Runtime/OpenXR/Content/Devices/GoogleDaydream/MRTexture.ubulk" 526
"../../../Engine/Plugins/Runtime/OpenXR/Content/Devices/GoogleDaydream/BaseTexture.uasset" 527
"../../../Engine/Plugins/Runtime/OpenXR/Content/Devices/GoogleDaydream/BaseTexture.uexp" 528
"../../../Engine/Plugins/Runtime/OpenXR/Content/Devices/GoogleDaydream/BaseTexture.ubulk" 529
"../../../Engine/Content/EngineResources/Black.uasset" 530
"../../../Engine/Content/EngineResources/Black.uexp" 531
"../../../Engine/Plugins/Runtime/OpenXR/Content/Devices/M_XRController.uasset" 532
"../../../Engine/Plugins/Runtime/OpenXR/Content/Devices/M_XRController.uexp" 533
"../../../Engine/Plugins/Runtime/OpenXR/Content/Devices/GoogleDaydream/MI_GoogleDaydream.uasset" 534
"../../../Engine/Plugins/Runtime/OpenXR/Content/Devices/GoogleDaydream/MI_GoogleDaydream.uexp" 535
"../../../Engine/Plugins/Runtime/OpenXR/Content/Devices/GoogleDaydream/GoogleDaydreamController.uasset" 536
"../../../Engine/Plugins/Runtime/OpenXR/Content/Devices/GoogleDaydream/GoogleDaydreamController.uexp" 537
"../../../Engine/Plugins/Runtime/OpenXR/Content/Devices/HTCVive/BaseTexture.uasset" 538
"../../../Engine/Plugins/Runtime/OpenXR/Content/Devices/HTCVive/BaseTexture.uexp" 539
"../../../Engine/Plugins/Runtime/OpenXR/Content/Devices/HTCVive/BaseTexture.ubulk" 540
"../../../Engine/Plugins/Runtime/OpenXR/Content/Devices/HTCVive/MI_HTCVive.uasset" 541
"../../../Engine/Plugins/Runtime/OpenXR/Content/Devices/HTCVive/MI_HTCVive.uexp" 542
"../../../Engine/Plugins/Runtime/OpenXR/Content/Devices/HTCVive/HTCViveController.uasset" 543
"../../../Engine/Plugins/Runtime/OpenXR/Content/Devices/HTCVive/HTCViveController.uexp" 544
"../../../Engine/Plugins/Runtime/OpenXR/Content/Devices/MicrosoftMixedReality/NormalTexture.uasset" 545
"../../../Engine/Plugins/Runtime/OpenXR/Content/Devices/MicrosoftMixedReality/NormalTexture.uexp" 546
"../../../Engine/Plugins/Runtime/OpenXR/Content/Devices/MicrosoftMixedReality/NormalTexture.ubulk" 547
"../../../Engine/Plugins/Runtime/OpenXR/Content/Devices/MicrosoftMixedReality/MRTexture.uasset" 548
"../../../Engine/Plugins/Runtime/OpenXR/Content/Devices/MicrosoftMixedReality/MRTexture.uexp" 549
"../../../Engine/Plugins/Runtime/OpenXR/Content/Devices/MicrosoftMixedReality/MRTexture.ubulk" 550
"../../../Engine/Plugins/Runtime/OpenXR/Content/Devices/MicrosoftMixedReality/EmissiveTexture.uasset" 551
"../../../Engine/Plugins/Runtime/OpenXR/Content/Devices/MicrosoftMixedReality/EmissiveTexture.uexp" 552
"../../../Engine/Plugins/Runtime/OpenXR/Content/Devices/MicrosoftMixedReality/EmissiveTexture.ubulk" 553
"../../../Engine/Plugins/Runtime/OpenXR/Content/Devices/MicrosoftMixedReality/BaseTexture.uasset" 554
"../../../Engine/Plugins/Runtime/OpenXR/Content/Devices/MicrosoftMixedReality/BaseTexture.uexp" 555
"../../../Engine/Plugins/Runtime/OpenXR/Content/Devices/MicrosoftMixedReality/BaseTexture.ubulk" 556
"../../../Engine/Plugins/Runtime/OpenXR/Content/Devices/MicrosoftMixedReality/MI_MicrosoftMixedReality.uasset" 557
"../../../Engine/Plugins/Runtime/OpenXR/Content/Devices/MicrosoftMixedReality/MI_MicrosoftMixedReality.uexp" 558
"../../../Engine/Plugins/Runtime/OpenXR/Content/Devices/MicrosoftMixedReality/Left/left_MicrosoftMixedRealityController.uasset" 559
"../../../Engine/Plugins/Runtime/OpenXR/Content/Devices/MicrosoftMixedReality/Left/left_MicrosoftMixedRealityController.uexp" 560
"../../../Engine/Plugins/Runtime/OpenXR/Content/Devices/MicrosoftMixedReality/Right/right_MicrosoftMixedRealityController.uasset" 561
"../../../Engine/Plugins/Runtime/OpenXR/Content/Devices/MicrosoftMixedReality/Right/right_MicrosoftMixedRealityController.uexp" 562
"../../../Engine/Plugins/Runtime/OpenXR/Content/Devices/OculusGo/BaseTexture.uasset" 563
"../../../Engine/Plugins/Runtime/OpenXR/Content/Devices/OculusGo/BaseTexture.uexp" 564
"../../../Engine/Plugins/Runtime/OpenXR/Content/Devices/OculusGo/BaseTexture.ubulk" 565
"../../../Engine/Plugins/Runtime/OpenXR/Content/Devices/OculusGo/MI_OculusGo.uasset" 566
"../../../Engine/Plugins/Runtime/OpenXR/Content/Devices/OculusGo/MI_OculusGo.uexp" 567
"../../../Engine/Plugins/Runtime/OpenXR/Content/Devices/OculusGo/OculusGoController.uasset" 568
"../../../Engine/Plugins/Runtime/OpenXR/Content/Devices/OculusGo/OculusGoController.uexp" 569
"../../../Engine/Plugins/Runtime/OpenXR/Content/Devices/OculusTouch/MRTexture.uasset" 570
"../../../Engine/Plugins/Runtime/OpenXR/Content/Devices/OculusTouch/MRTexture.uexp" 571
"../../../Engine/Plugins/Runtime/OpenXR/Content/Devices/OculusTouch/MRTexture.ubulk" 572
"../../../Engine/Plugins/Runtime/OpenXR/Content/Devices/OculusTouch/BaseTexture.uasset" 573
"../../../Engine/Plugins/Runtime/OpenXR/Content/Devices/OculusTouch/BaseTexture.uexp" 574
"../../../Engine/Plugins/Runtime/OpenXR/Content/Devices/OculusTouch/BaseTexture.ubulk" 575
"../../../Engine/Plugins/Runtime/OpenXR/Content/Devices/OculusTouch/MI_OculusTouch.uasset" 576
"../../../Engine/Plugins/Runtime/OpenXR/Content/Devices/OculusTouch/MI_OculusTouch.uexp" 577
"../../../Engine/Plugins/Runtime/OpenXR/Content/Devices/OculusTouch/Left/left_OculusTouchController.uasset" 578
"../../../Engine/Plugins/Runtime/OpenXR/Content/Devices/OculusTouch/Left/left_OculusTouchController.uexp" 579
"../../../Engine/Plugins/Runtime/OpenXR/Content/Devices/OculusTouch/Right/right_OculusTouchController.uasset" 580
"../../../Engine/Plugins/Runtime/OpenXR/Content/Devices/OculusTouch/Right/right_OculusTouchController.uexp" 581
"../../../Engine/Plugins/Runtime/OpenXR/Content/Devices/OculusTouch_v2/MRTexture.uasset" 582
"../../../Engine/Plugins/Runtime/OpenXR/Content/Devices/OculusTouch_v2/MRTexture.uexp" 583
"../../../Engine/Plugins/Runtime/OpenXR/Content/Devices/OculusTouch_v2/MRTexture.ubulk" 584
"../../../Engine/Plugins/Runtime/OpenXR/Content/Devices/OculusTouch_v2/BaseTexture.uasset" 585
"../../../Engine/Plugins/Runtime/OpenXR/Content/Devices/OculusTouch_v2/BaseTexture.uexp" 586
"../../../Engine/Plugins/Runtime/OpenXR/Content/Devices/OculusTouch_v2/BaseTexture.ubulk" 587
"../../../Engine/Plugins/Runtime/OpenXR/Content/Devices/OculusTouch_v2/MI_OculusTouch_v2.uasset" 588
"../../../Engine/Plugins/Runtime/OpenXR/Content/Devices/OculusTouch_v2/MI_OculusTouch_v2.uexp" 589
"../../../Engine/Plugins/Runtime/OpenXR/Content/Devices/OculusTouch_v2/Left/left_OculusTouch_v2Controller.uasset" 590
"../../../Engine/Plugins/Runtime/OpenXR/Content/Devices/OculusTouch_v2/Left/left_OculusTouch_v2Controller.uexp" 591
"../../../Engine/Plugins/Runtime/OpenXR/Content/Devices/OculusTouch_v2/Right/right_OculusTouch_v2Controller.uasset" 592
"../../../Engine/Plugins/Runtime/OpenXR/Content/Devices/OculusTouch_v2/Right/right_OculusTouch_v2Controller.uexp" 593
"../../../Engine/Plugins/Runtime/OpenXR/Content/Devices/OculusTouch_v3/MRTexture.uasset" 594
"../../../Engine/Plugins/Runtime/OpenXR/Content/Devices/OculusTouch_v3/MRTexture.uexp" 595
"../../../Engine/Plugins/Runtime/OpenXR/Content/Devices/OculusTouch_v3/MRTexture.ubulk" 596
"../../../Engine/Plugins/Runtime/OpenXR/Content/Devices/OculusTouch_v3/BaseTexture.uasset" 597
"../../../Engine/Plugins/Runtime/OpenXR/Content/Devices/OculusTouch_v3/BaseTexture.uexp" 598
"../../../Engine/Plugins/Runtime/OpenXR/Content/Devices/OculusTouch_v3/BaseTexture.ubulk" 599
"../../../Engine/Plugins/Runtime/OpenXR/Content/Devices/OculusTouch_v3/MI_OculusTouch_v3.uasset" 600
"../../../Engine/Plugins/Runtime/OpenXR/Content/Devices/OculusTouch_v3/MI_OculusTouch_v3.uexp" 601
"../../../Engine/Plugins/Runtime/OpenXR/Content/Devices/OculusTouch_v3/Left/left_OculusTouch_v3Controller.uasset" 602
"../../../Engine/Plugins/Runtime/OpenXR/Content/Devices/OculusTouch_v3/Left/left_OculusTouch_v3Controller.uexp" 603
"../../../Engine/Plugins/Runtime/OpenXR/Content/Devices/OculusTouch_v3/Right/right_OculusTouch_v3Controller.uasset" 604
"../../../Engine/Plugins/Runtime/OpenXR/Content/Devices/OculusTouch_v3/Right/right_OculusTouch_v3Controller.uexp" 605
"../../../Engine/Plugins/Runtime/OpenXR/Content/Devices/ValveIndex/MRTexture.uasset" 606
"../../../Engine/Plugins/Runtime/OpenXR/Content/Devices/ValveIndex/MRTexture.uexp" 607
"../../../Engine/Plugins/Runtime/OpenXR/Content/Devices/ValveIndex/MRTexture.ubulk" 608
"../../../Engine/Plugins/Runtime/OpenXR/Content/Devices/ValveIndex/BaseTexture.uasset" 609
"../../../Engine/Plugins/Runtime/OpenXR/Content/Devices/ValveIndex/BaseTexture.uexp" 610
"../../../Engine/Plugins/Runtime/OpenXR/Content/Devices/ValveIndex/BaseTexture.ubulk" 611
"../../../Engine/Plugins/Runtime/OpenXR/Content/Devices/ValveIndex/Left/MI_left_ValveIndex.uasset" 612
"../../../Engine/Plugins/Runtime/OpenXR/Content/Devices/ValveIndex/Left/MI_left_ValveIndex.uexp" 613
"../../../Engine/Plugins/Runtime/OpenXR/Content/Devices/ValveIndex/Left/left_ValveIndexController.uasset" 614
"../../../Engine/Plugins/Runtime/OpenXR/Content/Devices/ValveIndex/Left/left_ValveIndexController.uexp" 615
"../../../Engine/Plugins/Runtime/OpenXR/Content/Devices/ValveIndex/Right/MI_right_ValveIndex.uasset" 616
"../../../Engine/Plugins/Runtime/OpenXR/Content/Devices/ValveIndex/Right/MI_right_ValveIndex.uexp" 617
"../../../Engine/Plugins/Runtime/OpenXR/Content/Devices/ValveIndex/Right/right_ValveIndexController.uasset" 618
"../../../Engine/Plugins/Runtime/OpenXR/Content/Devices/ValveIndex/Right/right_ValveIndexController.uexp" 619
"../../../Engine/Content/BasicShapes/Cylinder.uasset" 620
"../../../Engine/Content/BasicShapes/Cylinder.uexp" 621
"../../../Engine/Content/ArtTools/RenderToTexture/Materials/Debug/M_Emissive_Color.uasset" 622
"../../../Engine/Content/ArtTools/RenderToTexture/Materials/Debug/M_Emissive_Color.uexp" 623
"../../../Engine/Plugins/Lumin/MagicLeapPassableWorld/Content/MagicLeapARPinInfoActor.uasset" 624
"../../../Engine/Plugins/Lumin/MagicLeapPassableWorld/Content/MagicLeapARPinInfoActor.uexp" 625
"../../../Engine/Content/Functions/Engine_MaterialFunctions02/Utility/BreakOutFloat4Components.uasset" 626
"../../../Engine/Content/Functions/Engine_MaterialFunctions02/Utility/BreakOutFloat4Components.uexp" 627
"../../../Engine/Content/Functions/Engine_MaterialFunctions02/Utility/MakeFloat3.uasset" 628
"../../../Engine/Content/Functions/Engine_MaterialFunctions02/Utility/MakeFloat3.uexp" 629
"../../../Engine/Plugins/Runtime/Oculus/OculusVR/Content/Materials/OculusMR_ChromaKey.uasset" 630
"../../../Engine/Plugins/Runtime/Oculus/OculusVR/Content/Materials/OculusMR_ChromaKey.uexp" 631
"../../../Engine/Plugins/Runtime/Oculus/OculusVR/Content/Materials/OculusMR_OpaqueColoredMaterial.uasset" 632
"../../../Engine/Plugins/Runtime/Oculus/OculusVR/Content/Materials/OculusMR_OpaqueColoredMaterial.uexp" 633
"../../../Engine/Plugins/Runtime/Oculus/OculusVR/Content/Materials/PokeAHoleMaterial.uasset" 634
"../../../Engine/Plugins/Runtime/Oculus/OculusVR/Content/Materials/PokeAHoleMaterial.uexp" 635
"../../../Engine/Plugins/Runtime/Oculus/OculusVR/Content/Textures/touchController_controlmap.uasset" 636
"../../../Engine/Plugins/Runtime/Oculus/OculusVR/Content/Textures/touchController_controlmap.uexp" 637
"../../../Engine/Plugins/Runtime/Oculus/OculusVR/Content/Textures/touchController_controlmap.ubulk" 638
"../../../Engine/Plugins/Runtime/Oculus/OculusVR/Content/Textures/touchController_albedo.uasset" 639
"../../../Engine/Plugins/Runtime/Oculus/OculusVR/Content/Textures/touchController_albedo.uexp" 640
"../../../Engine/Plugins/Runtime/Oculus/OculusVR/Content/Textures/touchController_albedo.ubulk" 641
"../../../Engine/Plugins/Runtime/Oculus/OculusVR/Content/Materials/touchController_mat.uasset" 642
"../../../Engine/Plugins/Runtime/Oculus/OculusVR/Content/Materials/touchController_mat.uexp" 643
"../../../Engine/Plugins/Runtime/Oculus/OculusVR/Content/Meshes/LeftTouchController.uasset" 644
"../../../Engine/Plugins/Runtime/Oculus/OculusVR/Content/Meshes/LeftTouchController.uexp" 645
"../../../Engine/Plugins/Runtime/Oculus/OculusVR/Content/Textures/TouchForQuestRiftSController_albedo.uasset" 646
"../../../Engine/Plugins/Runtime/Oculus/OculusVR/Content/Textures/TouchForQuestRiftSController_albedo.uexp" 647
"../../../Engine/Plugins/Runtime/Oculus/OculusVR/Content/Textures/TouchForQuestRiftSController_albedo.ubulk" 648
"../../../Engine/Plugins/Runtime/Oculus/OculusVR/Content/Materials/TouchForQuestRiftSControllerMaterial.uasset" 649
"../../../Engine/Plugins/Runtime/Oculus/OculusVR/Content/Materials/TouchForQuestRiftSControllerMaterial.uexp" 650
"../../../Engine/Plugins/Runtime/Oculus/OculusVR/Content/Meshes/LeftTouchForQuestRiftSController.uasset" 651
"../../../Engine/Plugins/Runtime/Oculus/OculusVR/Content/Meshes/LeftTouchForQuestRiftSController.uexp" 652
"../../../Engine/Plugins/Runtime/Oculus/OculusVR/Content/Meshes/RiftHMD.uasset" 653
"../../../Engine/Plugins/Runtime/Oculus/OculusVR/Content/Meshes/RiftHMD.uexp" 654
"../../../Engine/Plugins/Runtime/Oculus/OculusVR/Content/Meshes/RightTouchController.uasset" 655
"../../../Engine/Plugins/Runtime/Oculus/OculusVR/Content/Meshes/RightTouchController.uexp" 656
"../../../Engine/Plugins/Runtime/Oculus/OculusVR/Content/Meshes/RightTouchForQuestRiftSController.uasset" 657
"../../../Engine/Plugins/Runtime/Oculus/OculusVR/Content/Meshes/RightTouchForQuestRiftSController.uexp" 658
"../../../Engine/Content/EngineSky/T_Sky_Stars.uasset" 659
"../../../Engine/Content/EngineSky/T_Sky_Stars.uexp" 660
"../../../Engine/Content/EngineSky/T_Sky_Stars.ubulk" 661
"../../../Engine/Content/EngineSky/T_Sky_Clouds_M.uasset" 662
"../../../Engine/Content/EngineSky/T_Sky_Clouds_M.uexp" 663
"../../../Engine/Content/EngineSky/T_Sky_Clouds_M.ubulk" 664
"../../../Engine/Content/EngineSky/T_Sky_Blue.uasset" 665
"../../../Engine/Content/EngineSky/T_Sky_Blue.uexp" 666
"../../../Engine/Content/EngineSky/T_Sky_Blue.ubulk" 667
"../../../Engine/Content/EngineMaterials/DefaultPhysicalMaterial.uasset" 668
"../../../Engine/Content/EngineMaterials/DefaultPhysicalMaterial.uexp" 669
"../../../Engine/Content/EngineSky/M_Sky_Panning_Clouds2.uasset" 670
"../../../Engine/Content/EngineSky/M_Sky_Panning_Clouds2.uexp" 671
"D:/Unreal Project/DriveToSurvive/Content/Source/Player/Model/FormularOne/fe0_main.uasset" 672
"D:/Unreal Project/DriveToSurvive/Content/Source/Player/Model/FormularOne/fe0_main.uexp" 673
"D:/Unreal Project/DriveToSurvive/Content/Source/Player/Model/FormularOne/fe0_main.ubulk" 674
"D:/Unreal Project/DriveToSurvive/Content/Source/Player/Model/FormularOne/body.uasset" 675
"D:/Unreal Project/DriveToSurvive/Content/Source/Player/Model/FormularOne/body.uexp" 676
"D:/Unreal Project/DriveToSurvive/Content/Source/Player/Model/FormularOne/generic_main.uasset" 677
"D:/Unreal Project/DriveToSurvive/Content/Source/Player/Model/FormularOne/generic_main.uexp" 678
"D:/Unreal Project/DriveToSurvive/Content/Source/Player/Model/FormularOne/generic_main.ubulk" 679
"D:/Unreal Project/DriveToSurvive/Content/Source/Player/Model/FormularOne/generic_main_specocc.uasset" 680
"D:/Unreal Project/DriveToSurvive/Content/Source/Player/Model/FormularOne/generic_main_specocc.uexp" 681
"D:/Unreal Project/DriveToSurvive/Content/Source/Player/Model/FormularOne/generic_main_specocc.ubulk" 682
"D:/Unreal Project/DriveToSurvive/Content/Source/Player/Model/FormularOne/generic.uasset" 683
"D:/Unreal Project/DriveToSurvive/Content/Source/Player/Model/FormularOne/generic.uexp" 684
"D:/Unreal Project/DriveToSurvive/Content/Source/Player/Model/FormularOne/glass.uasset" 685
"D:/Unreal Project/DriveToSurvive/Content/Source/Player/Model/FormularOne/glass.uexp" 686
"D:/Unreal Project/DriveToSurvive/Content/Source/Player/Model/FormularOne/Metal.uasset" 687
"D:/Unreal Project/DriveToSurvive/Content/Source/Player/Model/FormularOne/Metal.uexp" 688
"D:/Unreal Project/DriveToSurvive/Content/Source/Player/Model/FormularOne/mirrors.uasset" 689
"D:/Unreal Project/DriveToSurvive/Content/Source/Player/Model/FormularOne/mirrors.uexp" 690
"D:/Unreal Project/DriveToSurvive/Content/Source/Player/Model/FormularOne/steering.uasset" 691
"D:/Unreal Project/DriveToSurvive/Content/Source/Player/Model/FormularOne/steering.uexp" 692
"D:/Unreal Project/DriveToSurvive/Content/Source/Player/Model/FormularOne/tread.uasset" 693
"D:/Unreal Project/DriveToSurvive/Content/Source/Player/Model/FormularOne/tread.uexp" 694
"D:/Unreal Project/DriveToSurvive/Content/Source/Player/Model/FormularOne/ferrari-f1-race-car.uasset" 695
"D:/Unreal Project/DriveToSurvive/Content/Source/Player/Model/FormularOne/ferrari-f1-race-car.uexp" 696
"D:/Unreal Project/DriveToSurvive/Content/Source/Player/BP_Car/Car/F1/Car.uasset" 697
"D:/Unreal Project/DriveToSurvive/Content/Source/Player/BP_Car/Car/F1/Car.uexp" 698
"../../../Engine/Content/EngineSky/SM_SkySphere.uasset" 699
"../../../Engine/Content/EngineSky/SM_SkySphere.uexp" 700
"../../../Engine/Content/EngineSky/C_Sky_Zenith_Color.uasset" 701
"../../../Engine/Content/EngineSky/C_Sky_Zenith_Color.uexp" 702
"../../../Engine/Content/EngineSky/C_Sky_Horizon_Color.uasset" 703
"../../../Engine/Content/EngineSky/C_Sky_Horizon_Color.uexp" 704
"../../../Engine/Content/EngineSky/C_Sky_Cloud_Color.uasset" 705
"../../../Engine/Content/EngineSky/C_Sky_Cloud_Color.uexp" 706
"../../../Engine/Content/EditorBlueprintResources/StandardMacros.uasset" 707
"../../../Engine/Content/EditorBlueprintResources/StandardMacros.uexp" 708
"../../../Engine/Content/EngineSky/BP_Sky_Sphere.uasset" 709
"../../../Engine/Content/EngineSky/BP_Sky_Sphere.uexp" 710
"D:/Unreal Project/DriveToSurvive/Content/Source/GameSpace/3.uexp" 711
"D:/Unreal Project/DriveToSurvive/Content/Source/GameSpace/3.ubulk" 712
"D:/Unreal Project/DriveToSurvive/Content/Source/GameSpace/3.umap" 713
"D:/Unreal Project/DriveToSurvive/Content/Source/GameSpace/4.uexp" 714
"D:/Unreal Project/DriveToSurvive/Content/Source/GameSpace/4.ubulk" 715
"D:/Unreal Project/DriveToSurvive/Content/Source/GameSpace/4.umap" 716
"D:/Unreal Project/DriveToSurvive/Content/Source/GameMode/BP_UpdateCarModeBase.uasset" 717
"D:/Unreal Project/DriveToSurvive/Content/Source/GameMode/BP_UpdateCarModeBase.uexp" 718
"D:/Unreal Project/DriveToSurvive/Content/Source/UI/CarUpdateUI.uasset" 719
"D:/Unreal Project/DriveToSurvive/Content/Source/UI/CarUpdateUI.uexp" 720
"D:/Unreal Project/DriveToSurvive/Content/Source/UI/ChooseRace.uasset" 721
"D:/Unreal Project/DriveToSurvive/Content/Source/UI/ChooseRace.uexp" 722
"../../../Engine/Content/BasicShapes/Plane.uasset" 723
"../../../Engine/Content/BasicShapes/Plane.uexp" 724
"../../../Engine/Content/BasicShapes/BasicShapeMaterial.uasset" 725
"../../../Engine/Content/BasicShapes/BasicShapeMaterial.uexp" 726
"D:/Unreal Project/DriveToSurvive/Content/Source/GameSpace/BaseMap_BuiltData.uasset" 727
"D:/Unreal Project/DriveToSurvive/Content/Source/GameSpace/BaseMap_BuiltData.uexp" 728
"D:/Unreal Project/DriveToSurvive/Content/Source/GameSpace/BaseMap_BuiltData.ubulk" 729
"D:/Unreal Project/DriveToSurvive/Content/Source/GameSpace/BaseMap.uexp" 730
"D:/Unreal Project/DriveToSurvive/Content/Source/GameSpace/BaseMap.umap" 731
"D:/Unreal Project/DriveToSurvive/Content/Source/GameSpace/NewWorld.uexp" 732
"D:/Unreal Project/DriveToSurvive/Content/Source/GameSpace/NewWorld.ubulk" 733
"D:/Unreal Project/DriveToSurvive/Content/Source/GameSpace/NewWorld.umap" 734
"../../../Engine/Content/BasicShapes/Cone.uasset" 735
"../../../Engine/Content/BasicShapes/Cone.uexp" 736
"D:/Unreal Project/DriveToSurvive/Content/Source/Player/BP_StartLine.uasset" 737
"D:/Unreal Project/DriveToSurvive/Content/Source/Player/BP_StartLine.uexp" 738
"D:/Unreal Project/DriveToSurvive/Content/Source/Player/BP_RebornPlace.uasset" 739
"D:/Unreal Project/DriveToSurvive/Content/Source/Player/BP_RebornPlace.uexp" 740
"D:/Unreal Project/DriveToSurvive/Content/Source/GameSpace/TestMap.uexp" 741
"D:/Unreal Project/DriveToSurvive/Content/Source/GameSpace/TestMap.ubulk" 742
"D:/Unreal Project/DriveToSurvive/Content/Source/GameSpace/TestMap.umap" 743
"D:/Unreal Project/DriveToSurvive/Content/Source/GameSpace/UpdateTest.uexp" 744
"D:/Unreal Project/DriveToSurvive/Content/Source/GameSpace/UpdateTest.umap" 745
"../../../Engine/Content/Maps/Entry_BuiltData.uasset" 746
"../../../Engine/Content/Maps/Entry_BuiltData.uexp" 747
"../../../Engine/Content/Maps/Entry.uexp" 748
"../../../Engine/Content/Maps/Entry.umap" 749
